[INFO]  Mon Oct 26 21:39:02 2020 : waiting for /Users/leecarlaw/model_data/GEFS//2020-10-26/19/gep01.t19z.pgrb2s.0p25.f000-reduced.grib2
[INFO]  Mon Oct 26 21:40:02 2020 : waiting for /Users/leecarlaw/model_data/GEFS//2020-10-26/19/gep01.t19z.pgrb2s.0p25.f000-reduced.grib2
[INFO]  Mon Oct 26 21:41:02 2020 : waiting for /Users/leecarlaw/model_data/GEFS//2020-10-26/19/gep01.t19z.pgrb2s.0p25.f000-reduced.grib2
[INFO]  Mon Oct 26 21:42:02 2020 : waiting for /Users/leecarlaw/model_data/GEFS//2020-10-26/19/gep01.t19z.pgrb2s.0p25.f000-reduced.grib2
[INFO]  Mon Oct 26 21:43:02 2020 : waiting for /Users/leecarlaw/model_data/GEFS//2020-10-26/19/gep01.t19z.pgrb2s.0p25.f000-reduced.grib2
[INFO]  Mon Oct 26 21:44:02 2020 : waiting for /Users/leecarlaw/model_data/GEFS//2020-10-26/19/gep01.t19z.pgrb2s.0p25.f000-reduced.grib2
[INFO]  Mon Oct 26 21:45:03 2020 : waiting for /Users/leecarlaw/model_data/GEFS//2020-10-26/19/gep01.t19z.pgrb2s.0p25.f000-reduced.grib2
[INFO]  Mon Oct 26 21:46:03 2020 : waiting for /Users/leecarlaw/model_data/GEFS//2020-10-26/19/gep01.t19z.pgrb2s.0p25.f000-reduced.grib2
[INFO]  Mon Oct 26 21:47:03 2020 : waiting for /Users/leecarlaw/model_data/GEFS//2020-10-26/19/gep01.t19z.pgrb2s.0p25.f000-reduced.grib2
[INFO]  Mon Oct 26 21:48:03 2020 : waiting for /Users/leecarlaw/model_data/GEFS//2020-10-26/19/gep01.t19z.pgrb2s.0p25.f000-reduced.grib2
[INFO]  Mon Oct 26 21:49:03 2020 : waiting for /Users/leecarlaw/model_data/GEFS//2020-10-26/19/gep01.t19z.pgrb2s.0p25.f000-reduced.grib2
[INFO]  Mon Oct 26 21:50:03 2020 : waiting for /Users/leecarlaw/model_data/GEFS//2020-10-26/19/gep01.t19z.pgrb2s.0p25.f000-reduced.grib2
[INFO]  Mon Oct 26 21:51:03 2020 : waiting for /Users/leecarlaw/model_data/GEFS//2020-10-26/19/gep01.t19z.pgrb2s.0p25.f000-reduced.grib2
[INFO]  Mon Oct 26 21:52:03 2020 : waiting for /Users/leecarlaw/model_data/GEFS//2020-10-26/19/gep01.t19z.pgrb2s.0p25.f000-reduced.grib2
[INFO]  Mon Oct 26 21:53:04 2020 : waiting for /Users/leecarlaw/model_data/GEFS//2020-10-26/19/gep01.t19z.pgrb2s.0p25.f000-reduced.grib2
[INFO]  Mon Oct 26 21:54:04 2020 : waiting for /Users/leecarlaw/model_data/GEFS//2020-10-26/19/gep01.t19z.pgrb2s.0p25.f000-reduced.grib2
[INFO]  Mon Oct 26 21:55:04 2020 : waiting for /Users/leecarlaw/model_data/GEFS//2020-10-26/19/gep01.t19z.pgrb2s.0p25.f000-reduced.grib2
[INFO]  Mon Oct 26 21:56:04 2020 : waiting for /Users/leecarlaw/model_data/GEFS//2020-10-26/19/gep01.t19z.pgrb2s.0p25.f000-reduced.grib2
[INFO]  Mon Oct 26 21:57:04 2020 : waiting for /Users/leecarlaw/model_data/GEFS//2020-10-26/19/gep01.t19z.pgrb2s.0p25.f000-reduced.grib2
[INFO]  Mon Oct 26 21:58:04 2020 : waiting for /Users/leecarlaw/model_data/GEFS//2020-10-26/19/gep01.t19z.pgrb2s.0p25.f000-reduced.grib2
[INFO]  Mon Oct 26 21:59:04 2020 : waiting for /Users/leecarlaw/model_data/GEFS//2020-10-26/19/gep01.t19z.pgrb2s.0p25.f000-reduced.grib2
[INFO]  Mon Oct 26 22:00:04 2020 : waiting for /Users/leecarlaw/model_data/GEFS//2020-10-26/19/gep01.t19z.pgrb2s.0p25.f000-reduced.grib2
[INFO]  Mon Oct 26 22:01:05 2020 : waiting for /Users/leecarlaw/model_data/GEFS//2020-10-26/19/gep01.t19z.pgrb2s.0p25.f000-reduced.grib2
[INFO]  Mon Oct 26 22:02:05 2020 : waiting for /Users/leecarlaw/model_data/GEFS//2020-10-26/19/gep01.t19z.pgrb2s.0p25.f000-reduced.grib2
[INFO]  Mon Oct 26 22:03:05 2020 : waiting for /Users/leecarlaw/model_data/GEFS//2020-10-26/19/gep01.t19z.pgrb2s.0p25.f000-reduced.grib2
[INFO]  Mon Oct 26 22:04:05 2020 : waiting for /Users/leecarlaw/model_data/GEFS//2020-10-26/19/gep01.t19z.pgrb2s.0p25.f000-reduced.grib2
[INFO]  Mon Oct 26 22:05:05 2020 : waiting for /Users/leecarlaw/model_data/GEFS//2020-10-26/19/gep01.t19z.pgrb2s.0p25.f000-reduced.grib2
[INFO]  Mon Oct 26 22:06:05 2020 : waiting for /Users/leecarlaw/model_data/GEFS//2020-10-26/19/gep01.t19z.pgrb2s.0p25.f000-reduced.grib2
[INFO]  Mon Oct 26 22:07:05 2020 : waiting for /Users/leecarlaw/model_data/GEFS//2020-10-26/19/gep01.t19z.pgrb2s.0p25.f000-reduced.grib2
[INFO]  Mon Oct 26 22:08:05 2020 : waiting for /Users/leecarlaw/model_data/GEFS//2020-10-26/19/gep01.t19z.pgrb2s.0p25.f000-reduced.grib2
[INFO]  Mon Oct 26 22:09:06 2020 : waiting for /Users/leecarlaw/model_data/GEFS//2020-10-26/19/gep01.t19z.pgrb2s.0p25.f000-reduced.grib2
[INFO]  Mon Oct 26 22:10:06 2020 : waiting for /Users/leecarlaw/model_data/GEFS//2020-10-26/19/gep01.t19z.pgrb2s.0p25.f000-reduced.grib2
[INFO]  Mon Oct 26 22:11:06 2020 : waiting for /Users/leecarlaw/model_data/GEFS//2020-10-26/19/gep01.t19z.pgrb2s.0p25.f000-reduced.grib2
[INFO]  Mon Oct 26 22:12:06 2020 : waiting for /Users/leecarlaw/model_data/GEFS//2020-10-26/19/gep01.t19z.pgrb2s.0p25.f000-reduced.grib2
[INFO]  Mon Oct 26 22:13:06 2020 : waiting for /Users/leecarlaw/model_data/GEFS//2020-10-26/19/gep01.t19z.pgrb2s.0p25.f000-reduced.grib2
[INFO]  Mon Oct 26 22:14:06 2020 : waiting for /Users/leecarlaw/model_data/GEFS//2020-10-26/19/gep01.t19z.pgrb2s.0p25.f000-reduced.grib2
[INFO]  Mon Oct 26 22:15:06 2020 : waiting for /Users/leecarlaw/model_data/GEFS//2020-10-26/19/gep01.t19z.pgrb2s.0p25.f000-reduced.grib2
[INFO]  Mon Oct 26 22:16:06 2020 : waiting for /Users/leecarlaw/model_data/GEFS//2020-10-26/19/gep01.t19z.pgrb2s.0p25.f000-reduced.grib2
[INFO]  Mon Oct 26 22:17:07 2020 : waiting for /Users/leecarlaw/model_data/GEFS//2020-10-26/19/gep01.t19z.pgrb2s.0p25.f000-reduced.grib2
[INFO]  Mon Oct 26 22:18:07 2020 : waiting for /Users/leecarlaw/model_data/GEFS//2020-10-26/19/gep01.t19z.pgrb2s.0p25.f000-reduced.grib2
[INFO]  Mon Oct 26 22:19:07 2020 : waiting for /Users/leecarlaw/model_data/GEFS//2020-10-26/19/gep01.t19z.pgrb2s.0p25.f000-reduced.grib2
[INFO]  Mon Oct 26 22:20:07 2020 : waiting for /Users/leecarlaw/model_data/GEFS//2020-10-26/19/gep01.t19z.pgrb2s.0p25.f000-reduced.grib2
[INFO]  Mon Oct 26 22:21:07 2020 : waiting for /Users/leecarlaw/model_data/GEFS//2020-10-26/19/gep01.t19z.pgrb2s.0p25.f000-reduced.grib2
[INFO]  Mon Oct 26 22:22:07 2020 : waiting for /Users/leecarlaw/model_data/GEFS//2020-10-26/19/gep01.t19z.pgrb2s.0p25.f000-reduced.grib2
[INFO]  Mon Oct 26 22:23:07 2020 : waiting for /Users/leecarlaw/model_data/GEFS//2020-10-26/19/gep01.t19z.pgrb2s.0p25.f000-reduced.grib2
[INFO]  Mon Oct 26 22:24:07 2020 : waiting for /Users/leecarlaw/model_data/GEFS//2020-10-26/19/gep01.t19z.pgrb2s.0p25.f000-reduced.grib2
[INFO]  Mon Oct 26 22:25:07 2020 : waiting for /Users/leecarlaw/model_data/GEFS//2020-10-26/19/gep01.t19z.pgrb2s.0p25.f000-reduced.grib2
[INFO]  Mon Oct 26 22:26:08 2020 : waiting for /Users/leecarlaw/model_data/GEFS//2020-10-26/19/gep01.t19z.pgrb2s.0p25.f000-reduced.grib2
[INFO]  Mon Oct 26 22:27:08 2020 : waiting for /Users/leecarlaw/model_data/GEFS//2020-10-26/19/gep01.t19z.pgrb2s.0p25.f000-reduced.grib2
[INFO]  Mon Oct 26 22:28:08 2020 : waiting for /Users/leecarlaw/model_data/GEFS//2020-10-26/19/gep01.t19z.pgrb2s.0p25.f000-reduced.grib2
[INFO]  Mon Oct 26 22:29:08 2020 : waiting for /Users/leecarlaw/model_data/GEFS//2020-10-26/19/gep01.t19z.pgrb2s.0p25.f000-reduced.grib2
[INFO]  Mon Oct 26 22:30:08 2020 : waiting for /Users/leecarlaw/model_data/GEFS//2020-10-26/19/gep01.t19z.pgrb2s.0p25.f000-reduced.grib2
[INFO]  Mon Oct 26 22:31:08 2020 : waiting for /Users/leecarlaw/model_data/GEFS//2020-10-26/19/gep01.t19z.pgrb2s.0p25.f000-reduced.grib2
[INFO]  Mon Oct 26 22:32:08 2020 : waiting for /Users/leecarlaw/model_data/GEFS//2020-10-26/19/gep01.t19z.pgrb2s.0p25.f000-reduced.grib2
[INFO]  Mon Oct 26 22:33:09 2020 : waiting for /Users/leecarlaw/model_data/GEFS//2020-10-26/19/gep01.t19z.pgrb2s.0p25.f000-reduced.grib2
[INFO]  Mon Oct 26 22:34:09 2020 : waiting for /Users/leecarlaw/model_data/GEFS//2020-10-26/19/gep01.t19z.pgrb2s.0p25.f000-reduced.grib2
[INFO]  Mon Oct 26 22:35:09 2020 : waiting for /Users/leecarlaw/model_data/GEFS//2020-10-26/19/gep01.t19z.pgrb2s.0p25.f000-reduced.grib2
[INFO]  Mon Oct 26 22:36:09 2020 : waiting for /Users/leecarlaw/model_data/GEFS//2020-10-26/19/gep01.t19z.pgrb2s.0p25.f000-reduced.grib2
[INFO]  Mon Oct 26 22:37:09 2020 : waiting for /Users/leecarlaw/model_data/GEFS//2020-10-26/19/gep01.t19z.pgrb2s.0p25.f000-reduced.grib2
[INFO]  Mon Oct 26 22:38:09 2020 : waiting for /Users/leecarlaw/model_data/GEFS//2020-10-26/19/gep01.t19z.pgrb2s.0p25.f000-reduced.grib2
[INFO]  Mon Oct 26 22:39:09 2020 : waiting for /Users/leecarlaw/model_data/GEFS//2020-10-26/19/gep01.t19z.pgrb2s.0p25.f000-reduced.grib2
[INFO]  Mon Oct 26 22:40:09 2020 : waiting for /Users/leecarlaw/model_data/GEFS//2020-10-26/19/gep01.t19z.pgrb2s.0p25.f000-reduced.grib2
[INFO]  Mon Oct 26 22:41:10 2020 : waiting for /Users/leecarlaw/model_data/GEFS//2020-10-26/19/gep01.t19z.pgrb2s.0p25.f000-reduced.grib2
[INFO]  Mon Oct 26 22:42:10 2020 : waiting for /Users/leecarlaw/model_data/GEFS//2020-10-26/19/gep01.t19z.pgrb2s.0p25.f000-reduced.grib2
[INFO]  Mon Oct 26 22:43:10 2020 : waiting for /Users/leecarlaw/model_data/GEFS//2020-10-26/19/gep01.t19z.pgrb2s.0p25.f000-reduced.grib2
[INFO]  Mon Oct 26 22:44:10 2020 : waiting for /Users/leecarlaw/model_data/GEFS//2020-10-26/19/gep01.t19z.pgrb2s.0p25.f000-reduced.grib2
[INFO]  Mon Oct 26 22:45:10 2020 : waiting for /Users/leecarlaw/model_data/GEFS//2020-10-26/19/gep01.t19z.pgrb2s.0p25.f000-reduced.grib2
[INFO]  Mon Oct 26 22:46:10 2020 : waiting for /Users/leecarlaw/model_data/GEFS//2020-10-26/19/gep01.t19z.pgrb2s.0p25.f000-reduced.grib2
[INFO]  Mon Oct 26 22:47:10 2020 : waiting for /Users/leecarlaw/model_data/GEFS//2020-10-26/19/gep01.t19z.pgrb2s.0p25.f000-reduced.grib2
[INFO]  Mon Oct 26 22:48:11 2020 : waiting for /Users/leecarlaw/model_data/GEFS//2020-10-26/19/gep01.t19z.pgrb2s.0p25.f000-reduced.grib2
[INFO]  Mon Oct 26 22:49:11 2020 : waiting for /Users/leecarlaw/model_data/GEFS//2020-10-26/19/gep01.t19z.pgrb2s.0p25.f000-reduced.grib2
[INFO]  Mon Oct 26 22:50:11 2020 : waiting for /Users/leecarlaw/model_data/GEFS//2020-10-26/19/gep01.t19z.pgrb2s.0p25.f000-reduced.grib2
[INFO]  Mon Oct 26 22:51:11 2020 : waiting for /Users/leecarlaw/model_data/GEFS//2020-10-26/19/gep01.t19z.pgrb2s.0p25.f000-reduced.grib2
[INFO]  Mon Oct 26 22:52:11 2020 : waiting for /Users/leecarlaw/model_data/GEFS//2020-10-26/19/gep01.t19z.pgrb2s.0p25.f000-reduced.grib2
[INFO]  Mon Oct 26 22:53:11 2020 : waiting for /Users/leecarlaw/model_data/GEFS//2020-10-26/19/gep01.t19z.pgrb2s.0p25.f000-reduced.grib2
[INFO]  Mon Oct 26 22:54:11 2020 : waiting for /Users/leecarlaw/model_data/GEFS//2020-10-26/19/gep01.t19z.pgrb2s.0p25.f000-reduced.grib2
[INFO]  Mon Oct 26 22:55:11 2020 : waiting for /Users/leecarlaw/model_data/GEFS//2020-10-26/19/gep01.t19z.pgrb2s.0p25.f000-reduced.grib2
[INFO]  Mon Oct 26 22:56:11 2020 : waiting for /Users/leecarlaw/model_data/GEFS//2020-10-26/19/gep01.t19z.pgrb2s.0p25.f000-reduced.grib2
[INFO]  Mon Oct 26 22:57:11 2020 : waiting for /Users/leecarlaw/model_data/GEFS//2020-10-26/19/gep01.t19z.pgrb2s.0p25.f000-reduced.grib2
[INFO]  Mon Oct 26 22:58:12 2020 : waiting for /Users/leecarlaw/model_data/GEFS//2020-10-26/19/gep01.t19z.pgrb2s.0p25.f000-reduced.grib2
[INFO]  Mon Oct 26 22:59:12 2020 : waiting for /Users/leecarlaw/model_data/GEFS//2020-10-26/19/gep01.t19z.pgrb2s.0p25.f000-reduced.grib2
[INFO]  Mon Oct 26 23:00:12 2020 : waiting for /Users/leecarlaw/model_data/GEFS//2020-10-26/19/gep01.t19z.pgrb2s.0p25.f000-reduced.grib2
[INFO]  Mon Oct 26 23:01:12 2020 : waiting for /Users/leecarlaw/model_data/GEFS//2020-10-26/19/gep01.t19z.pgrb2s.0p25.f000-reduced.grib2
[INFO]  Mon Oct 26 23:02:12 2020 : waiting for /Users/leecarlaw/model_data/GEFS//2020-10-26/19/gep01.t19z.pgrb2s.0p25.f000-reduced.grib2
[INFO]  Mon Oct 26 23:03:12 2020 : waiting for /Users/leecarlaw/model_data/GEFS//2020-10-26/19/gep01.t19z.pgrb2s.0p25.f000-reduced.grib2
[INFO]  Mon Oct 26 23:04:12 2020 : waiting for /Users/leecarlaw/model_data/GEFS//2020-10-26/19/gep01.t19z.pgrb2s.0p25.f000-reduced.grib2
[INFO]  Mon Oct 26 23:05:12 2020 : waiting for /Users/leecarlaw/model_data/GEFS//2020-10-26/19/gep01.t19z.pgrb2s.0p25.f000-reduced.grib2
[INFO]  Mon Oct 26 23:06:12 2020 : waiting for /Users/leecarlaw/model_data/GEFS//2020-10-26/19/gep01.t19z.pgrb2s.0p25.f000-reduced.grib2
[INFO]  Mon Oct 26 23:07:13 2020 : waiting for /Users/leecarlaw/model_data/GEFS//2020-10-26/19/gep01.t19z.pgrb2s.0p25.f000-reduced.grib2
[INFO]  Mon Oct 26 23:08:13 2020 : waiting for /Users/leecarlaw/model_data/GEFS//2020-10-26/19/gep01.t19z.pgrb2s.0p25.f000-reduced.grib2
[INFO]  Mon Oct 26 23:09:13 2020 : /Users/leecarlaw/model_data/GEFS//2020-10-26/19/gep01.t19z.pgrb2s.0p25.f000-reduced.grib2
Traceback (most recent call last):
  File "/Users/leecarlaw/scripts/gefs/plotter.py", line 108, in <module>
    data = pygrib.open(fname)
  File "pygrib.pyx", line 395, in pygrib.open.__cinit__
OSError: [Errno could not open %s] /Users/leecarlaw/model_data/GEFS//2020-10-26/19/gep01.t19z.pgrb2s.0p25.f000-reduced.grib2
